TN:
SF:src\api\index.js
FNF:0
FNH:0
DA:5,3
DA:6,3
DA:7,3
DA:8,3
DA:9,3
DA:11,3
DA:12,3
DA:13,3
DA:15,3
DA:17,3
DA:18,3
DA:21,3
DA:23,3
DA:27,3
DA:30,3
DA:31,3
DA:32,3
DA:34,3
DA:41,3
DA:44,3
DA:60,3
LF:21
LH:21
BRDA:17,0,0,3
BRDA:17,0,1,3
BRF:2
BRH:2
end_of_record
TN:
SF:src\api\routes\spec.js
FN:10,(anonymous_0)
FN:27,(anonymous_1)
FN:43,(anonymous_2)
FN:59,(anonymous_3)
FN:77,(anonymous_4)
FNF:5
FNH:5
FNDA:1,(anonymous_0)
FNDA:2,(anonymous_1)
FNDA:4,(anonymous_2)
FNDA:2,(anonymous_3)
FNDA:3,(anonymous_4)
DA:1,3
DA:2,3
DA:4,3
DA:10,3
DA:11,1
DA:13,1
DA:14,1
DA:15,1
DA:17,0
DA:27,3
DA:28,2
DA:32,2
DA:33,2
DA:34,2
DA:36,0
DA:43,3
DA:44,4
DA:48,4
DA:49,4
DA:50,4
DA:52,0
DA:59,3
DA:60,2
DA:65,2
DA:66,2
DA:67,2
DA:69,0
DA:77,3
DA:78,3
DA:83,3
DA:84,3
DA:85,3
DA:87,0
DA:91,3
LF:34
LH:29
BRDA:15,0,0,1
BRDA:15,0,1,0
BRDA:34,1,0,2
BRDA:34,1,1,0
BRDA:50,2,0,4
BRDA:50,2,1,0
BRDA:67,3,0,2
BRDA:67,3,1,0
BRDA:85,4,0,3
BRDA:85,4,1,0
BRF:10
BRH:5
end_of_record
TN:
SF:src\api\services\spec.js
FN:9,(anonymous_0)
FN:53,(anonymous_1)
FN:96,(anonymous_2)
FN:137,(anonymous_3)
FN:200,(anonymous_4)
FNF:5
FNH:5
FNDA:1,(anonymous_0)
FNDA:2,(anonymous_1)
FNDA:4,(anonymous_2)
FNDA:2,(anonymous_3)
FNDA:3,(anonymous_4)
DA:1,3
DA:2,3
DA:3,3
DA:9,3
DA:11,1
DA:13,1
DA:17,1
DA:18,1
DA:20,1
DA:22,1
DA:24,1
DA:29,0
DA:30,0
DA:37,0
DA:53,3
DA:54,2
DA:56,2
DA:60,2
DA:61,2
DA:63,2
DA:64,2
DA:66,2
DA:74,0
DA:75,0
DA:82,0
DA:96,3
DA:97,4
DA:99,4
DA:103,4
DA:104,4
DA:106,4
DA:108,4
DA:110,4
DA:116,0
DA:117,0
DA:124,0
DA:137,3
DA:139,2
DA:141,2
DA:145,2
DA:146,2
DA:147,2
DA:149,2
DA:150,1
DA:151,1
DA:160,1
DA:171,1
DA:173,1
DA:179,0
DA:180,0
DA:187,0
DA:200,3
DA:201,3
DA:203,3
DA:207,3
DA:208,3
DA:210,3
DA:221,3
DA:223,3
DA:229,0
DA:230,0
DA:237,0
LF:62
LH:47
BRDA:67,0,0,1
BRDA:67,0,1,1
BRDA:68,1,0,1
BRDA:68,1,1,1
BRDA:149,2,0,1
BRDA:149,2,1,1
BRDA:149,3,0,2
BRDA:149,3,1,1
BRF:8
BRH:8
end_of_record
TN:
SF:src\lib\config.js
FNF:0
FNH:0
DA:1,3
DA:2,3
DA:4,3
DA:9,3
LF:4
LH:4
BRF:0
BRH:0
end_of_record
TN:
SF:src\lib\error.js
FN:2,(anonymous_0)
FNF:1
FNH:0
FNDA:0,(anonymous_0)
DA:3,0
DA:4,0
DA:5,0
DA:6,0
DA:10,3
LF:5
LH:1
BRF:0
BRH:0
end_of_record
